\BOOKMARK [0][-]{chapter.1}{\376\377\000U\000v\000o\000d}{}% 1
\BOOKMARK [1][-]{section.1.1}{\376\377\000M\000o\000t\000i\000v\000a\000c\000i\000j\000a}{chapter.1}% 2
\BOOKMARK [1][-]{section.1.2}{\376\377\000I\000s\000t\000r\000a\001\176\000i\000v\000a\001\015\000k\000a\000\040\000p\000i\000t\000a\000n\000j\000a}{chapter.1}% 3
\BOOKMARK [1][-]{section.1.3}{\376\377\000D\000o\000p\000r\000i\000n\000o\000s\000i\000\040\000r\000a\000d\000a}{chapter.1}% 4
\BOOKMARK [1][-]{section.1.4}{\376\377\000S\000t\000r\000u\000k\000t\000u\000r\000a\000\040\000r\000a\000d\000a}{chapter.1}% 5
\BOOKMARK [0][-]{chapter.2}{\376\377\000P\000r\000e\000g\000l\000e\000d\000\040\000l\000i\000t\000e\000r\000a\000t\000u\000r\000e}{}% 6
\BOOKMARK [1][-]{section.2.1}{\376\377\000K\000l\000a\000s\000i\001\015\000n\000e\000\040\000m\000e\000t\000o\000d\000e\000\040\000f\000o\000r\000e\000n\000z\000i\001\015\000k\000o\000g\000\040\000r\000a\001\015\000u\000n\000o\000v\000o\000d\000s\000t\000v\000a}{chapter.2}% 7
\BOOKMARK [2][-]{subsection.2.1.1}{\376\377\000B\000e\000n\000f\000o\000r\000d\000o\000v\000\040\000z\000a\000k\000o\000n}{section.2.1}% 8
\BOOKMARK [2][-]{subsection.2.1.2}{\376\377\000B\000e\000n\000e\000i\000s\000h\000\040\000M\000-\000s\000c\000o\000r\000e}{section.2.1}% 9
\BOOKMARK [2][-]{subsection.2.1.3}{\376\377\000M\000o\000d\000e\000l\000i\000\040\000d\000i\000s\000k\000r\000e\000c\000i\000j\000s\000k\000i\000h\000\040\000a\000c\000c\000r\000u\000a\000l\000s\000-\000a}{section.2.1}% 10
\BOOKMARK [1][-]{section.2.2}{\376\377\000S\000t\000r\000o\000j\000n\000o\000\040\000u\001\015\000e\000n\000j\000e\000\040\000z\000a\000\040\000o\000t\000k\000r\000i\000v\000a\000n\000j\000e\000\040\000a\000n\000o\000m\000a\000l\000i\000j\000a}{chapter.2}% 11
\BOOKMARK [2][-]{subsection.2.2.1}{\376\377\000K\000l\000a\000s\000i\001\015\000n\000e\000\040\000m\000e\000t\000o\000d\000e}{section.2.2}% 12
\BOOKMARK [2][-]{subsection.2.2.2}{\376\377\000D\000u\000b\000o\000k\000e\000\040\000n\000e\000u\000r\000o\000n\000s\000k\000e\000\040\000m\000r\000e\001\176\000e\000\040\000z\000a\000\040\000a\000n\000o\000m\000a\000l\000i\000j\000e}{section.2.2}% 13
\BOOKMARK [2][-]{subsection.2.2.3}{\376\377\000P\000r\000i\000m\000j\000e\000n\000a\000\040\000D\000L\000\040\000n\000a\000\040\000f\000o\000r\000e\000n\000z\000i\001\015\000k\000o\000\040\000r\000a\001\015\000u\000n\000o\000v\000o\000d\000s\000t\000v\000o}{section.2.2}% 14
\BOOKMARK [2][-]{subsection.2.2.4}{\376\377\000P\000r\000a\000z\000n\000i\000n\000e\000\040\000u\000\040\000l\000i\000t\000e\000r\000a\000t\000u\000r\000i\000\040\000k\000o\000j\000e\000\040\000o\000v\000a\000j\000\040\000r\000a\000d\000\040\000z\000a\000t\000v\000a\000r\000a}{section.2.2}% 15
\BOOKMARK [1][-]{section.2.3}{\376\377\000P\000o\000z\000i\000c\000i\000j\000a\000\040\000o\000v\000o\000g\000\040\000r\000a\000d\000a}{chapter.2}% 16
\BOOKMARK [0][-]{chapter.3}{\376\377\000P\000o\000d\000a\000c\000i\000\040\000i\000\040\000z\000n\000a\001\015\000a\000j\000k\000e}{}% 17
\BOOKMARK [1][-]{section.3.1}{\376\377\000I\000z\000v\000o\000r\000i\000\040\000p\000o\000d\000a\000t\000a\000k\000a}{chapter.3}% 18
\BOOKMARK [2][-]{subsection.3.1.1}{\376\377\000S\000E\000C\000\040\000E\000D\000G\000A\000R\000\040\000F\000i\000n\000a\000n\000c\000i\000a\000l\000\040\000S\000t\000a\000t\000e\000m\000e\000n\000t\000\040\000D\000a\000t\000a\000\040\000S\000e\000t\000s}{section.3.1}% 19
\BOOKMARK [2][-]{subsection.3.1.2}{\376\377\000Y\000a\000h\000o\000o\000\040\000F\000i\000n\000a\000n\000c\000e\000:\000\040\000d\000n\000e\000v\000n\000e\000\040\000c\000i\000j\000e\000n\000e\000\040\000i\000\040\000v\000o\000l\000u\000m\000e\000n\000i}{section.3.1}% 20
\BOOKMARK [2][-]{subsection.3.1.3}{\376\377\000R\000u\000s\000s\000e\000l\000l\000\040\0003\0000\0000\0000\000\040\000u\000n\000i\000v\000e\000r\000z\000u\000m}{section.3.1}% 21
\BOOKMARK [2][-]{subsection.3.1.4}{\376\377\000O\000z\000n\000a\000k\000e\000\040\000r\000e\000v\000i\000z\000i\000j\000s\000k\000i\000h\000\040\000i\000s\000p\000r\000a\000v\000a\000k\000a\000\040\000\050\000r\000e\000s\000t\000a\000t\000e\000m\000e\000n\000t\000\040\000l\000a\000b\000e\000l\000s\000\051}{section.3.1}% 22
\BOOKMARK [1][-]{section.3.2}{\376\377\000I\000z\000g\000r\000a\000d\000n\000j\000a\000\040\000k\000v\000a\000r\000t\000a\000l\000n\000o\000g\000\040\000p\000a\000n\000e\000l\000a}{chapter.3}% 23
\BOOKMARK [2][-]{subsection.3.2.1}{\376\377\000S\000e\000l\000e\000k\000c\000i\000j\000a\000\040\000X\000B\000R\000L\000\040\000t\000a\000g\000o\000v\000a}{section.3.2}% 24
\BOOKMARK [2][-]{subsection.3.2.2}{\376\377\000D\000i\000m\000e\000n\000z\000i\000j\000s\000k\000a\000\040\000d\000e\000d\000u\000p\000l\000i\000k\000a\000c\000i\000j\000a}{section.3.2}% 25
\BOOKMARK [2][-]{subsection.3.2.3}{\376\377\000K\000a\000n\000o\000n\000s\000k\000a\000\040\000s\000e\000l\000e\000k\000c\000i\000j\000a\000\040\000f\000i\000l\000i\000n\000g\000a}{section.3.2}% 26
\BOOKMARK [2][-]{subsection.3.2.4}{\376\377\000W\000i\000d\000e\000-\000f\000o\000r\000m\000a\000t\000\040\000p\000i\000v\000o\000t}{section.3.2}% 27
\BOOKMARK [2][-]{subsection.3.2.5}{\376\377\000G\000o\000d\000i\001\141\000n\000j\000a\000\040\000a\000g\000r\000e\000g\000a\000c\000i\000j\000a}{section.3.2}% 28
\BOOKMARK [1][-]{section.3.3}{\376\377\000I\000z\000v\000e\000d\000e\000n\000e\000\040\000f\000i\000n\000a\000n\000c\000i\000j\000s\000k\000e\000\040\000z\000n\000a\001\015\000a\000j\000k\000e\000\040\000\050\000o\000m\000j\000e\000r\000i\000\051}{chapter.3}% 29
\BOOKMARK [1][-]{section.3.4}{\376\377\000S\000e\000k\000t\000o\000r\000-\000s\000v\000j\000e\000s\000n\000a\000\040\000s\000t\000a\000n\000d\000a\000r\000d\000i\000z\000a\000c\000i\000j\000a}{chapter.3}% 30
\BOOKMARK [1][-]{section.3.5}{\376\377\000S\000e\000k\000v\000e\000n\000c\000i\000j\000s\000k\000a\000\040\000r\000e\000p\000r\000e\000z\000e\000n\000t\000a\000c\000i\000j\000a}{chapter.3}% 31
\BOOKMARK [1][-]{section.3.6}{\376\377\000K\000o\000n\000a\001\015\000n\000e\000\040\000d\000i\000m\000e\000n\000z\000i\000j\000e\000\040\000p\000a\000n\000e\000l\000a}{chapter.3}% 32
\BOOKMARK [0][-]{chapter.4}{\376\377\000M\000o\000d\000e\000l\000i\000\040\000z\000a\000\040\000d\000e\000t\000e\000k\000c\000i\000j\000u\000\040\000a\000n\000o\000m\000a\000l\000i\000j\000a}{}% 33
\BOOKMARK [1][-]{section.4.1}{\376\377\000P\000r\000i\000n\000c\000i\000p\000\040\000n\000e\000n\000a\000d\000z\000i\000r\000a\000n\000o\000g\000\040\000o\000t\000k\000r\000i\000v\000a\000n\000j\000a\000\040\000a\000n\000o\000m\000a\000l\000i\000j\000a\000\040\000r\000e\000k\000o\000n\000s\000t\000r\000u\000k\000c\000i\000j\000o\000m}{chapter.4}% 34
\BOOKMARK [1][-]{section.4.2}{\376\377\000U\000n\000i\000f\000o\000r\000m\000n\000i\000\040\000A\000P\000I}{chapter.4}% 35
\BOOKMARK [1][-]{section.4.3}{\376\377\000S\000t\000a\000t\000i\001\015\000k\000i\000\040\000a\000u\000t\000o\000e\000n\000k\000o\000d\000e\000r\000\040\000\050\000A\000E\000\051}{chapter.4}% 36
\BOOKMARK [1][-]{section.4.4}{\376\377\000V\000a\000r\000i\000j\000a\000c\000i\000j\000s\000k\000i\000\040\000a\000u\000t\000o\000e\000n\000k\000o\000d\000e\000r\000\040\000\050\000V\000A\000E\000\051}{chapter.4}% 37
\BOOKMARK [1][-]{section.4.5}{\376\377\000L\000S\000T\000M\000\040\000a\000u\000t\000o\000e\000n\000k\000o\000d\000e\000r}{chapter.4}% 38
\BOOKMARK [1][-]{section.4.6}{\376\377\000T\000r\000a\000n\000s\000f\000o\000r\000m\000e\000r\000\040\000e\000n\000k\000o\000d\000e\000r}{chapter.4}% 39
\BOOKMARK [1][-]{section.4.7}{\376\377\000S\000a\001\176\000e\000t\000a\000k\000\040\000p\000a\000r\000a\000m\000e\000t\000a\000r\000a\000\040\000m\000o\000d\000e\000l\000a}{chapter.4}% 40
\BOOKMARK [1][-]{section.4.8}{\376\377\000T\000r\000e\000n\000i\000r\000a\000n\000j\000e\000\040\000n\000a\000\040\000c\000i\000j\000e\000l\000o\000m\000\040\000u\000z\000o\000r\000k\000u\000\040\000\050\000t\000r\000a\000n\000s\000d\000u\000c\000t\000i\000v\000e\000\040\000s\000e\000t\000t\000i\000n\000g\000\051}{chapter.4}% 41
\BOOKMARK [1][-]{section.4.9}{\376\377\000R\000e\000p\000r\000o\000d\000u\000c\000i\000b\000i\000l\000n\000o\000s\000t}{chapter.4}% 42
\BOOKMARK [0][-]{chapter.5}{\376\377\000P\000r\000e\000d\000i\000k\000c\000i\000j\000a\000\040\000u\000t\000j\000e\000c\000a\000j\000a\000:\000\040\000N\000N\000\040\000r\000e\000g\000r\000e\000s\000o\000r}{}% 43
\BOOKMARK [1][-]{section.5.1}{\376\377\000M\000o\000t\000i\000v\000a\000c\000i\000j\000a\000:\000\040\000z\000a\001\141\000t\000o\000\040\000N\000N\000\040\000u\000m\000j\000e\000s\000t\000o\000\040\000O\000L\000S\000-\000a}{chapter.5}% 44
\BOOKMARK [1][-]{section.5.2}{\376\377\000S\000p\000e\000c\000i\000f\000i\000k\000a\000c\000i\000j\000a\000\040\000M\000L\000P\000\040\000r\000e\000g\000r\000e\000s\000o\000r\000a}{chapter.5}% 45
\BOOKMARK [1][-]{section.5.3}{\376\377\000I\000s\000h\000o\000d\000i\000\040\000k\000o\000j\000i\000\040\000s\000e\000\040\000p\000r\000e\000d\000v\000i\001\021\000a\000j\000u}{chapter.5}% 46
\BOOKMARK [1][-]{section.5.4}{\376\377\000K\000r\000i\000t\000i\001\015\000n\000a\000\040\000m\000e\000t\000o\000d\000o\000l\000o\001\141\000k\000a\000\040\000s\000t\000a\000v\000k\000a\000:\000\040\000k\000o\000n\000t\000r\000o\000l\000a\000\040\000z\000a\000\040\000r\000a\000s\000t\000\040\000f\000i\000r\000m\000e}{chapter.5}% 47
\BOOKMARK [1][-]{section.5.5}{\376\377\000T\000e\000m\000p\000o\000r\000a\000l\000n\000a\000\040\000t\000r\000a\000i\000n\000/\000t\000e\000s\000t\000\040\000p\000o\000d\000j\000e\000l\000a}{chapter.5}% 48
\BOOKMARK [1][-]{section.5.6}{\376\377\000G\000l\000a\000v\000n\000e\000\040\000m\000e\000t\000r\000i\000k\000e}{chapter.5}% 49
\BOOKMARK [2][-]{subsection.5.6.1}{\376\377\000O\000u\000t\000-\000o\000f\000-\000s\000a\000m\000p\000l\000e\000\040\000d\000e\000l\000t\000a\000-\000R\0002}{section.5.6}% 50
\BOOKMARK [2][-]{subsection.5.6.2}{\376\377\000P\000e\000r\000m\000u\000t\000a\000t\000i\000o\000n\000\040\000i\000m\000p\000o\000r\000t\000a\000n\000c\000e}{section.5.6}% 51
\BOOKMARK [2][-]{subsection.5.6.3}{\376\377\000R\000o\000b\000u\000s\000t\000n\000o\000s\000t\000:\000\040\0005\000-\000s\000e\000e\000d\000\040\000r\000e\000p\000l\000i\000k\000a\000c\000i\000j\000a}{section.5.6}% 52
\BOOKMARK [0][-]{chapter.6}{\376\377\000R\000e\000z\000u\000l\000t\000a\000t\000i}{}% 53
\BOOKMARK [1][-]{section.6.1}{\376\377\000D\000e\000t\000e\000k\000c\000i\000j\000s\000k\000e\000\040\000p\000e\000r\000f\000o\000r\000m\000a\000n\000s\000e\000\040\000\050\000R\000Q\0001\000\051}{chapter.6}% 54
\BOOKMARK [1][-]{section.6.2}{\376\377\000S\000l\000a\000g\000a\000n\000j\000e\000\040\000i\000z\000m\000e\001\021\000u\000\040\000d\000e\000t\000e\000k\000t\000o\000r\000a}{chapter.6}% 55
\BOOKMARK [1][-]{section.6.3}{\376\377\000U\000t\000j\000e\000c\000a\000j\000\040\000n\000a\000\040\000p\000o\000s\000l\000o\000v\000a\000n\000j\000e\000\040\000\050\000R\000Q\0002\000\051\000:\000\040\0005\000-\000s\000e\000e\000d\000\040\000r\000e\000p\000l\000i\000k\000a\000c\000i\000j\000a}{chapter.6}% 56
\BOOKMARK [2][-]{subsection.6.3.1}{\376\377\000G\000l\000a\000v\000n\000i\000\040\000n\000a\000l\000a\000z\000i}{section.6.3}% 57
\BOOKMARK [2][-]{subsection.6.3.2}{\376\377\000K\000o\000n\000v\000e\000r\000g\000e\000n\000c\000i\000j\000a\000\040\000p\000o\000\040\000d\000e\000t\000e\000k\000t\000o\000r\000u\000\040\000i\000\040\000i\000s\000h\000o\000d\000u}{section.6.3}% 58
\BOOKMARK [1][-]{section.6.4}{\376\377\000P\000e\000r\000m\000u\000t\000a\000t\000i\000o\000n\000\040\000i\000m\000p\000o\000r\000t\000a\000n\000c\000e}{chapter.6}% 59
\BOOKMARK [1][-]{section.6.5}{\376\377\000U\000t\000j\000e\000c\000a\000j\000\040\000k\000o\000n\000t\000r\000o\000l\000e\000\040\000z\000a\000\040\000r\000a\000s\000t\000\040\000f\000i\000r\000m\000e}{chapter.6}% 60
\BOOKMARK [0][-]{chapter.7}{\376\377\000D\000i\000s\000k\000u\000s\000i\000j\000a}{}% 61
\BOOKMARK [1][-]{section.7.1}{\376\377\000K\000o\000n\000v\000e\000r\000g\000e\000n\000c\000i\000j\000a\000\040\000a\000r\000h\000i\000t\000e\000k\000t\000u\000r\000a\000:\000\040\000s\000t\000r\000o\000p\000\040\000u\000\040\000u\000l\000a\000z\000n\000o\000j\000\040\000m\000o\000d\000a\000l\000n\000o\000s\000t\000i}{chapter.7}% 62
\BOOKMARK [1][-]{section.7.2}{\376\377\000G\000r\000o\000w\000t\000h\000-\000c\000o\000n\000f\000o\000u\000n\000d\000\040\000k\000a\000o\000\040\000m\000e\000t\000o\000d\000o\000l\000o\001\141\000k\000a\000\040\000k\000o\000n\000t\000r\000i\000b\000u\000c\000i\000j\000a}{chapter.7}% 63
\BOOKMARK [1][-]{section.7.3}{\376\377\000T\000r\000a\000n\000s\000f\000o\000r\000m\000e\000r\000\040\000o\000v\000e\000r\000f\000i\000t\000t\000i\000n\000g\000:\000\040\000d\000i\000j\000a\000g\000n\000o\000s\000t\000i\001\015\000k\000a\000\040\000p\000r\000i\001\015\000a}{chapter.7}% 64
\BOOKMARK [1][-]{section.7.4}{\376\377\000V\000e\000z\000a\000\040\000s\000\040\000p\000r\000e\000d\000d\000i\000p\000l\000o\000m\000s\000k\000i\000m\000\040\000r\000a\000d\000o\000m\000\040\000a\000u\000t\000o\000r\000a}{chapter.7}% 65
\BOOKMARK [1][-]{section.7.5}{\376\377\000P\000r\000a\000k\000t\000i\001\015\000n\000e\000\040\000i\000m\000p\000l\000i\000k\000a\000c\000i\000j\000e}{chapter.7}% 66
\BOOKMARK [2][-]{subsection.7.5.1}{\376\377\000Z\000a\000\040\000f\000o\000r\000e\000n\000z\000i\001\015\000k\000e\000\040\000r\000e\000v\000i\000z\000o\000r\000e}{section.7.5}% 67
\BOOKMARK [2][-]{subsection.7.5.2}{\376\377\000Z\000a\000\040\000u\000p\000r\000a\000v\000l\000j\000a\001\015\000e\000\040\000r\000i\000z\000i\000k\000o\000m}{section.7.5}% 68
\BOOKMARK [2][-]{subsection.7.5.3}{\376\377\000Z\000a\000\040\000a\000k\000a\000d\000e\000m\000s\000k\000u\000\040\000z\000a\000j\000e\000d\000n\000i\000c\000u}{section.7.5}% 69
\BOOKMARK [0][-]{chapter.8}{\376\377\000O\000g\000r\000a\000n\000i\001\015\000e\000n\000j\000a\000\040\000i\000\040\000b\000u\000d\000u\001\007\000i\000\040\000r\000a\000d}{}% 70
\BOOKMARK [1][-]{section.8.1}{\376\377\000O\000g\000r\000a\000n\000i\001\015\000e\000n\000j\000a}{chapter.8}% 71
\BOOKMARK [2][-]{subsection.8.1.1}{\376\377\000M\000e\000t\000o\000d\000o\000l\000o\001\141\000k\000a\000\040\000o\000g\000r\000a\000n\000i\001\015\000e\000n\000j\000a}{section.8.1}% 72
\BOOKMARK [2][-]{subsection.8.1.2}{\376\377\000R\000a\001\015\000u\000n\000s\000k\000a\000\040\000i\000\040\000p\000o\000d\000a\000t\000k\000o\000v\000n\000a\000\040\000o\000g\000r\000a\000n\000i\001\015\000e\000n\000j\000a}{section.8.1}% 73
\BOOKMARK [2][-]{subsection.8.1.3}{\376\377\000I\000n\000t\000e\000r\000p\000r\000e\000t\000a\000c\000i\000j\000s\000k\000a\000\040\000o\000g\000r\000a\000n\000i\001\015\000e\000n\000j\000a}{section.8.1}% 74
\BOOKMARK [1][-]{section.8.2}{\376\377\000S\000m\000j\000e\000r\000o\000v\000i\000\040\000b\000u\000d\000u\001\007\000e\000g\000\040\000r\000a\000d\000a}{chapter.8}% 75
\BOOKMARK [2][-]{subsection.8.2.1}{\376\377\000D\000i\000r\000e\000k\000t\000n\000a\000\040\000p\000r\000o\001\141\000i\000r\000e\000n\000j\000a}{section.8.2}% 76
\BOOKMARK [2][-]{subsection.8.2.2}{\376\377\001\140\000i\000r\000a\000\040\000p\000r\000o\001\141\000i\000r\000e\000n\000j\000a}{section.8.2}% 77
\BOOKMARK [1][-]{section.8.3}{\376\377\000S\000i\000n\000t\000e\000t\000s\000k\000a\000\040\000p\000r\000o\000c\000j\000e\000n\000a}{chapter.8}% 78
\BOOKMARK [0][-]{chapter.9}{\376\377\000Z\000a\000k\000l\000j\000u\001\015\000a\000k}{}% 79
\BOOKMARK [1][-]{section.9.1}{\376\377\000S\000a\001\176\000e\000t\000a\000k\000\040\000k\000l\000j\000u\001\015\000n\000i\000h\000\040\000n\000a\000l\000a\000z\000a}{chapter.9}% 80
\BOOKMARK [1][-]{section.9.2}{\376\377\000G\000l\000a\000v\000n\000a\000\040\000p\000o\000r\000u\000k\000a\000:\000\040\000v\000e\000z\000a\000\040\000s\000\040\000p\000r\000e\000d\000d\000i\000p\000l\000o\000m\000s\000k\000i\000m\000\040\000r\000a\000d\000o\000m}{chapter.9}% 81
\BOOKMARK [1][-]{section.9.3}{\376\377\000P\000r\000a\000k\000t\000i\001\015\000n\000e\000\040\000i\000m\000p\000l\000i\000k\000a\000c\000i\000j\000e}{chapter.9}% 82
\BOOKMARK [1][-]{section.9.4}{\376\377\000Z\000a\000v\000r\001\141\000n\000e\000\040\000n\000a\000p\000o\000m\000e\000n\000e}{chapter.9}% 83
\BOOKMARK [0][-]{chapter.1}{\376\377\000K\000l\000a\000s\000i\001\015\000n\000i\000\040\000b\000a\000s\000e\000l\000i\000n\000e\000s\000\040\000\050\000r\000e\000f\000e\000r\000e\000n\000c\000a\000\051}{}% 84
\BOOKMARK [1][-]{section.1.1}{\376\377\000N\000u\000m\000e\000r\000i\001\015\000k\000a\000\040\000u\000s\000p\000o\000r\000e\000d\000b\000a\000\040\000n\000a\000\040\000i\000s\000t\000o\000m\000\040\000p\000a\000n\000e\000l\000u\000\040\000\050\000R\000u\000s\000s\000e\000l\000l\000\040\0003\0000\0000\0000\000\051}{chapter.1}% 85
\BOOKMARK [1][-]{section.1.2}{\376\377\000K\000o\000m\000e\000n\000t\000a\000r}{chapter.1}% 86
\BOOKMARK [0][-]{chapter*.27}{\376\377\000L\000i\000t\000e\000r\000a\000t\000u\000r\000a}{}% 87
\BOOKMARK [0][-]{chapter*.28}{\376\377\000S\000a\001\176\000e\000t\000a\000k}{}% 88
\BOOKMARK [0][-]{chapter*.29}{\376\377\000A\000b\000s\000t\000r\000a\000c\000t}{}% 89
